[2023-05-27 00:02:16] INFO root fetch - main [MainThread]: Get Changelog since Serial: [18269182]
[2023-05-27 00:02:21] INFO root fetch - main [MainThread]: Found 11 changed packages
[2023-05-27 00:02:21] INFO root fetch - processPackages [ThreadPoolExecutor-0_0]: Start processing: cloudmesh-sbatch
[2023-05-27 00:02:21] INFO root fetch - processPackages [ThreadPoolExecutor-0_1]: Start processing: enderchest
[2023-05-27 00:02:21] INFO root fetch - processPackages [ThreadPoolExecutor-0_2]: Start processing: viser
[2023-05-27 00:02:21] INFO root fetch - processPackages [ThreadPoolExecutor-0_3]: Start processing: johnsnowlabs-tmp
[2023-05-27 00:02:21] INFO root fetch - processPackages [ThreadPoolExecutor-0_4]: Start processing: kfish
[2023-05-27 00:02:21] INFO root fetch - processPackages [ThreadPoolExecutor-0_5]: Start processing: pathier
[2023-05-27 00:02:21] INFO root fetch - processPackages [ThreadPoolExecutor-0_6]: Start processing: jaxopt
[2023-05-27 00:02:21] INFO root fetch - processPackages [ThreadPoolExecutor-0_7]: Start processing: django-connectwise
[2023-05-27 00:02:21] INFO root fetch - processPackages [ThreadPoolExecutor-0_8]: Start processing: pyemenu
[2023-05-27 00:02:21] INFO root fetch - processPackages [ThreadPoolExecutor-0_9]: Start processing: ditty
[2023-05-27 00:02:21] INFO root fetch - processPackages [viser]: New version: [0.0.9] Old Version: [0.0.8]
[2023-05-27 00:02:21] WARNING root fetch - processPackages [enderchest]: Skipping, unable to determine old version
[2023-05-27 00:02:21] INFO root fetch - processPackages [enderchest]: Start processing: nextstrain-augur
[2023-05-27 00:02:21] INFO root fetch - main [MainThread]: End processing [enderchest] error
[2023-05-27 00:02:21] INFO root fetch - processPackages [ditty]: New version: [0.3.0] Old Version: [0.2.3]
[2023-05-27 00:02:21] INFO root fetch - processPackages [jaxopt]: New version: [0.7] Old Version: [0.6]
[2023-05-27 00:02:21] INFO root fetch - processPackages [cloudmesh-sbatch]: New version: [4.3.9] Old Version: [4.3.8]
[2023-05-27 00:02:21] INFO root fetch - processPackages [johnsnowlabs-tmp]: New version: [4.4.8] Old Version: [4.4.7]
[2023-05-27 00:02:21] INFO root fetch - processPackages [pathier]: New version: [0.9.0] Old Version: [0.8.0]
[2023-05-27 00:02:21] INFO root fetch - processPackages [pyemenu]: New version: [0.0.3.dev0] Old Version: [0.0.2.dev0]
[2023-05-27 00:02:21] INFO root fetch - processPackages [nextstrain-augur]: New version: [9.0.0] Old Version: [8.0.0]
[2023-05-27 00:02:21] INFO root fetch - processPackages [kfish]: New version: [99.0.202305262158] Old Version: [99.0.202305262018]
[2023-05-27 00:02:21] INFO root fetch - processPackages [django-connectwise]: New version: [1.2.1] Old Version: [1.2.0]
[2023-05-27 00:02:21] INFO root fetch - processPackages [johnsnowlabs-tmp]: executing diffoscope
[2023-05-27 00:02:21] INFO root fetch - processPackages [johnsnowlabs-tmp]: podman run --user 0:0 --rm -w /home/abi/fetcher -v /home/abi/fetcher/tmp:/home/abi/fetcher/tmp:ro -v /home/abi/fetcher/20230527:/home/abi/fetcher/20230527:rw registry.salsa.debian.org/reproducible-builds/diffoscope --no-progress tmp/johnsnowlabs_tmp-4.4.7.tar.gz tmp/johnsnowlabs_tmp-4.4.8.tar.gz --markdown 20230527/j/johnsnowlabs-tmp/4.4.7-4.4.8/diff.md --exclude *.pyd
[2023-05-27 00:02:21] INFO root fetch - processPackages [pathier]: Downloading https://files.pythonhosted.org/packages/0e/f4/a214b6b30b783df6db4b6936c324190dba49463f6857268fca0585a654dc/pathier-0.8.0.tar.gz
[2023-05-27 00:02:22] INFO root fetch - processPackages [jaxopt]: Downloading https://files.pythonhosted.org/packages/68/40/eabbe252076235f8e794f6b633095d926da0fed390f1911fe307783b1a83/jaxopt-0.6.tar.gz
[2023-05-27 00:02:22] INFO root fetch - processPackages [nextstrain-augur]: Downloading https://files.pythonhosted.org/packages/ef/e6/a1249ffd712c94df4813f8f473fe4b385a665ba5d144bb3eed6dc6868243/nextstrain-augur-8.0.0.tar.gz
[2023-05-27 00:02:22] INFO root fetch - processPackages [pyemenu]: Downloading https://files.pythonhosted.org/packages/49/55/fab856d06f829dc9cbdeaae38e9a43e3c52170908d23f0099748ff7613f1/pyemenu-0.0.3.dev0.tar.gz
[2023-05-27 00:02:22] INFO root fetch - processPackages [kfish]: Downloading https://files.pythonhosted.org/packages/7d/ae/444cb04500d5dc394c22bef5fbde7929fefa62f7d43e30b8eb768c512dcc/kfish-99.0.202305262158-py3-none-any.whl
[2023-05-27 00:02:22] INFO root fetch - processPackages [cloudmesh-sbatch]: executing diffoscope
[2023-05-27 00:02:22] INFO root fetch - processPackages [cloudmesh-sbatch]: podman run --user 0:0 --rm -w /home/abi/fetcher -v /home/abi/fetcher/tmp:/home/abi/fetcher/tmp:ro -v /home/abi/fetcher/20230527:/home/abi/fetcher/20230527:rw registry.salsa.debian.org/reproducible-builds/diffoscope --no-progress tmp/cloudmesh-sbatch-4.3.8.tar.gz tmp/cloudmesh-sbatch-4.3.9.tar.gz --markdown 20230527/c/cloudmesh-sbatch/4.3.8-4.3.9/diff.md --exclude *.pyd
[2023-05-27 00:02:22] INFO root fetch - processPackages [ditty]: Downloading https://files.pythonhosted.org/packages/71/ac/6ccc9b10bc02653039d51d71b58f9d4d68b6a344c596e96a6ad6536bf8dc/ditty-0.3.0.tar.gz
[2023-05-27 00:02:22] INFO root fetch - processPackages [kfish]: executing diffoscope
[2023-05-27 00:02:22] INFO root fetch - processPackages [kfish]: podman run --user 0:0 --rm -w /home/abi/fetcher -v /home/abi/fetcher/tmp:/home/abi/fetcher/tmp:ro -v /home/abi/fetcher/20230527:/home/abi/fetcher/20230527:rw registry.salsa.debian.org/reproducible-builds/diffoscope --no-progress tmp/kfish-99.0.202305262018-py3-none-any.whl.zip tmp/kfish-99.0.202305262158-py3-none-any.whl.zip --markdown 20230527/k/kfish/99.0.202305262018-99.0.202305262158/diff.md --exclude *.pyd
[2023-05-27 00:02:22] INFO root fetch - processPackages [django-connectwise]: Downloading https://files.pythonhosted.org/packages/ca/0a/7239dce2c9bc1b7f323b65a0babcbc075ae2968ffc07a0bdeba472bb8e5e/django-connectwise-1.2.1.tar.gz
[2023-05-27 00:02:22] INFO root fetch - processPackages [ditty]: executing diffoscope
[2023-05-27 00:02:22] INFO root fetch - processPackages [ditty]: podman run --user 0:0 --rm -w /home/abi/fetcher -v /home/abi/fetcher/tmp:/home/abi/fetcher/tmp:ro -v /home/abi/fetcher/20230527:/home/abi/fetcher/20230527:rw registry.salsa.debian.org/reproducible-builds/diffoscope --no-progress tmp/ditty-0.2.3.tar.gz tmp/ditty-0.3.0.tar.gz --markdown 20230527/d/ditty/0.2.3-0.3.0/diff.md --exclude *.pyd
[2023-05-27 00:02:22] INFO root fetch - processPackages [viser]: executing diffoscope
[2023-05-27 00:02:22] INFO root fetch - processPackages [viser]: podman run --user 0:0 --rm -w /home/abi/fetcher -v /home/abi/fetcher/tmp:/home/abi/fetcher/tmp:ro -v /home/abi/fetcher/20230527:/home/abi/fetcher/20230527:rw registry.salsa.debian.org/reproducible-builds/diffoscope --no-progress tmp/viser-0.0.8.tar.gz tmp/viser-0.0.9.tar.gz --markdown 20230527/v/viser/0.0.8-0.0.9/diff.md --exclude *.pyd
[2023-05-27 00:02:22] INFO root fetch - processPackages [pyemenu]: executing diffoscope
[2023-05-27 00:02:22] INFO root fetch - processPackages [pyemenu]: podman run --user 0:0 --rm -w /home/abi/fetcher -v /home/abi/fetcher/tmp:/home/abi/fetcher/tmp:ro -v /home/abi/fetcher/20230527:/home/abi/fetcher/20230527:rw registry.salsa.debian.org/reproducible-builds/diffoscope --no-progress tmp/pyemenu-0.0.2.dev0.tar.gz tmp/pyemenu-0.0.3.dev0.tar.gz --markdown 20230527/p/pyemenu/0.0.2.dev0-0.0.3.dev0/diff.md --exclude *.pyd
[2023-05-27 00:02:22] INFO root fetch - processPackages [django-connectwise]: executing diffoscope
[2023-05-27 00:02:22] INFO root fetch - processPackages [django-connectwise]: podman run --user 0:0 --rm -w /home/abi/fetcher -v /home/abi/fetcher/tmp:/home/abi/fetcher/tmp:ro -v /home/abi/fetcher/20230527:/home/abi/fetcher/20230527:rw registry.salsa.debian.org/reproducible-builds/diffoscope --no-progress tmp/django-connectwise-1.2.0.tar.gz tmp/django-connectwise-1.2.1.tar.gz --markdown 20230527/d/django-connectwise/1.2.0-1.2.1/diff.md --exclude *.pyd
[2023-05-27 00:02:22] INFO root fetch - processPackages [pathier]: Downloading https://files.pythonhosted.org/packages/8f/d2/d37dc8f5fd6560d6ce827efbca68e3e5a1188f74d5d335da4c5504fd1556/pathier-0.9.0.tar.gz
[2023-05-27 00:02:22] INFO root fetch - processPackages [jaxopt]: Downloading https://files.pythonhosted.org/packages/ab/c3/3f4db9296478727c68b25dc4089266fbd5d24ecb335aeb7c008918e0cdcb/jaxopt-0.7.tar.gz
[2023-05-27 00:02:22] INFO root fetch - processPackages [jaxopt]: executing diffoscope
[2023-05-27 00:02:22] INFO root fetch - processPackages [jaxopt]: podman run --user 0:0 --rm -w /home/abi/fetcher -v /home/abi/fetcher/tmp:/home/abi/fetcher/tmp:ro -v /home/abi/fetcher/20230527:/home/abi/fetcher/20230527:rw registry.salsa.debian.org/reproducible-builds/diffoscope --no-progress tmp/jaxopt-0.6.tar.gz tmp/jaxopt-0.7.tar.gz --markdown 20230527/j/jaxopt/0.6-0.7/diff.md --exclude *.pyd
[2023-05-27 00:02:22] INFO root fetch - processPackages [nextstrain-augur]: Downloading https://files.pythonhosted.org/packages/83/c2/5e89646d29ad9efa83c7396e4fef6cfcfaec8629134749252efd07e4fccc/nextstrain-augur-9.0.0.tar.gz
[2023-05-27 00:02:22] INFO root fetch - processPackages [pathier]: executing diffoscope
[2023-05-27 00:02:22] INFO root fetch - processPackages [pathier]: podman run --user 0:0 --rm -w /home/abi/fetcher -v /home/abi/fetcher/tmp:/home/abi/fetcher/tmp:ro -v /home/abi/fetcher/20230527:/home/abi/fetcher/20230527:rw registry.salsa.debian.org/reproducible-builds/diffoscope --no-progress tmp/pathier-0.8.0.tar.gz tmp/pathier-0.9.0.tar.gz --markdown 20230527/p/pathier/0.8.0-0.9.0/diff.md --exclude *.pyd
[2023-05-27 00:02:22] INFO root fetch - processPackages [nextstrain-augur]: executing diffoscope
[2023-05-27 00:02:22] INFO root fetch - processPackages [nextstrain-augur]: podman run --user 0:0 --rm -w /home/abi/fetcher -v /home/abi/fetcher/tmp:/home/abi/fetcher/tmp:ro -v /home/abi/fetcher/20230527:/home/abi/fetcher/20230527:rw registry.salsa.debian.org/reproducible-builds/diffoscope --no-progress tmp/nextstrain-augur-8.0.0.tar.gz tmp/nextstrain-augur-9.0.0.tar.gz --markdown 20230527/n/nextstrain-augur/8.0.0-9.0.0/diff.md --exclude *.pyd
[2023-05-27 00:02:24] INFO root fetch - main [MainThread]: End processing [kfish]: success
[2023-05-27 00:02:24] INFO root fetch - main [MainThread]: End processing [pyemenu]: success
[2023-05-27 00:02:24] INFO root fetch - main [MainThread]: End processing [ditty]: success
[2023-05-27 00:02:24] INFO root fetch - main [MainThread]: End processing [cloudmesh-sbatch]: success
[2023-05-27 00:02:24] INFO root fetch - main [MainThread]: End processing [johnsnowlabs-tmp]: success
[2023-05-27 00:02:25] INFO root fetch - main [MainThread]: End processing [nextstrain-augur]: success
[2023-05-27 00:02:26] INFO root fetch - main [MainThread]: End processing [jaxopt]: success
[2023-05-27 00:02:26] INFO root fetch - main [MainThread]: End processing [pathier]: success
[2023-05-27 00:02:29] INFO root fetch - main [MainThread]: End processing [django-connectwise]: success
[2023-05-27 00:04:42] INFO root fetch - main [MainThread]: End processing [viser]: success
[2023-05-27 00:04:42] INFO root fetch - main [MainThread]: Store serial: [18269214]
